0 info it worked if it ends with ok
1 verbose cli [ '/usr/local/bin/node',
1 verbose cli   '/usr/local/bin/npm',
1 verbose cli   'unpublish',
1 verbose cli   'jquery-ui.ruler',
1 verbose cli   '--force@1.0.0',
1 verbose cli   '--force' ]
2 info using npm@2.15.5
3 info using node@v4.4.5
4 warn using --force I sure hope you know what you are doing.
5 silly unpublish args[0] jquery-ui.ruler
6 silly unpublish thing Result {
6 silly unpublish   raw: 'jquery-ui.ruler',
6 silly unpublish   scope: null,
6 silly unpublish   name: 'jquery-ui.ruler',
6 silly unpublish   rawSpec: '',
6 silly unpublish   spec: 'latest',
6 silly unpublish   type: 'tag' }
7 verbose getPublishConfig null
8 silly ls normalized jquery-ui.ruler
9 silly gentlyRm /Users/wallysson/.npm/jquery-ui.ruler is being purged
10 verbose gentlyRm don't care about contents; nuking /Users/wallysson/.npm/jquery-ui.ruler
11 silly mapToRegistry name jquery-ui.ruler
12 silly mapToRegistry using default registry
13 silly mapToRegistry registry https://registry.npmjs.org/
14 silly mapToRegistry data Result {
14 silly mapToRegistry   raw: 'jquery-ui.ruler',
14 silly mapToRegistry   scope: null,
14 silly mapToRegistry   name: 'jquery-ui.ruler',
14 silly mapToRegistry   rawSpec: '',
14 silly mapToRegistry   spec: 'latest',
14 silly mapToRegistry   type: 'tag' }
15 silly mapToRegistry uri https://registry.npmjs.org/jquery-ui.ruler
16 verbose get GET as part of write; not caching result
17 verbose request uri https://registry.npmjs.org/jquery-ui.ruler?write=true
18 verbose request no auth needed
19 info attempt registry request try #1 at 2:36:28 AM
20 verbose request using bearer token for auth
21 verbose request id f813d47a5ec868e9
22 http request GET https://registry.npmjs.org/jquery-ui.ruler?write=true
23 http 200 https://registry.npmjs.org/jquery-ui.ruler?write=true
24 verbose headers { server: 'CouchDB/1.5.0 (Erlang OTP/R16B03)',
24 verbose headers   etag: '"AKRLFMY5VVHNMK64Q5077Y7HG"',
24 verbose headers   'content-type': 'application/json',
24 verbose headers   'content-encoding': 'gzip',
24 verbose headers   'cache-control': 'max-age=0',
24 verbose headers   'transfer-encoding': 'chunked',
24 verbose headers   'accept-ranges': 'bytes',
24 verbose headers   date: 'Mon, 13 Jun 2016 05:36:28 GMT',
24 verbose headers   via: '1.1 varnish',
24 verbose headers   connection: 'keep-alive',
24 verbose headers   'x-served-by': 'cache-atl6242-ATL',
24 verbose headers   'x-cache': 'MISS',
24 verbose headers   'x-cache-hits': '0',
24 verbose headers   'x-timer': 'S1465796188.608269,VS0,VE143',
24 verbose headers   vary: 'Accept-Encoding' }
25 silly get cb [ 200,
25 silly get   { server: 'CouchDB/1.5.0 (Erlang OTP/R16B03)',
25 silly get     etag: '"AKRLFMY5VVHNMK64Q5077Y7HG"',
25 silly get     'content-type': 'application/json',
25 silly get     'content-encoding': 'gzip',
25 silly get     'cache-control': 'max-age=0',
25 silly get     'transfer-encoding': 'chunked',
25 silly get     'accept-ranges': 'bytes',
25 silly get     date: 'Mon, 13 Jun 2016 05:36:28 GMT',
25 silly get     via: '1.1 varnish',
25 silly get     connection: 'keep-alive',
25 silly get     'x-served-by': 'cache-atl6242-ATL',
25 silly get     'x-cache': 'MISS',
25 silly get     'x-cache-hits': '0',
25 silly get     'x-timer': 'S1465796188.608269,VS0,VE143',
25 silly get     vary: 'Accept-Encoding' } ]
26 verbose get saving jquery-ui.ruler to /Users/wallysson/.npm/registry.npmjs.org/jquery-ui.ruler_3Fwrite_3Dtrue/.cache.json
27 verbose correctMkdir /Users/wallysson/.npm correctMkdir not in flight; initializing
28 info unpublish No version specified, removing all
29 verbose request uri https://registry.npmjs.org/jquery-ui.ruler/-rev/1-d9458112b65ccc23847958a5f765f6ae
30 verbose request sending authorization for write operation
31 info attempt registry request try #1 at 2:36:28 AM
32 verbose request using bearer token for auth
33 http request DELETE https://registry.npmjs.org/jquery-ui.ruler/-rev/1-d9458112b65ccc23847958a5f765f6ae
34 http 400 https://registry.npmjs.org/jquery-ui.ruler/-rev/1-d9458112b65ccc23847958a5f765f6ae
35 verbose headers { 'content-type': 'application/json',
35 verbose headers   'cache-control': 'max-age=300',
35 verbose headers   'content-length': '17',
35 verbose headers   'accept-ranges': 'bytes',
35 verbose headers   date: 'Mon, 13 Jun 2016 05:36:29 GMT',
35 verbose headers   via: '1.1 varnish',
35 verbose headers   connection: 'keep-alive',
35 verbose headers   'x-served-by': 'cache-atl6242-ATL',
35 verbose headers   'x-cache': 'MISS',
35 verbose headers   'x-cache-hits': '0',
35 verbose headers   'x-timer': 'S1465796188.905673,VS0,VE749',
35 verbose headers   vary: 'Accept-Encoding' }
36 verbose request invalidating /Users/wallysson/.npm/registry.npmjs.org/jquery-ui.ruler on DELETE
37 verbose stack Error: Registry returned 400 for DELETE on https://registry.npmjs.org/jquery-ui.ruler/-rev/1-d9458112b65ccc23847958a5f765f6ae
37 verbose stack     at makeError (/usr/local/lib/node_modules/npm/node_modules/npm-registry-client/lib/request.js:264:12)
37 verbose stack     at CachingRegistryClient.<anonymous> (/usr/local/lib/node_modules/npm/node_modules/npm-registry-client/lib/request.js:242:14)
37 verbose stack     at Request._callback (/usr/local/lib/node_modules/npm/node_modules/npm-registry-client/lib/request.js:172:14)
37 verbose stack     at Request.self.callback (/usr/local/lib/node_modules/npm/node_modules/request/request.js:200:22)
37 verbose stack     at emitTwo (events.js:87:13)
37 verbose stack     at Request.emit (events.js:172:7)
37 verbose stack     at Request.<anonymous> (/usr/local/lib/node_modules/npm/node_modules/request/request.js:1067:10)
37 verbose stack     at emitOne (events.js:82:20)
37 verbose stack     at Request.emit (events.js:169:7)
37 verbose stack     at IncomingMessage.<anonymous> (/usr/local/lib/node_modules/npm/node_modules/request/request.js:988:12)
38 verbose statusCode 400
39 verbose pkgid jquery-ui.ruler
40 verbose cwd /Users/wallysson/www/jquery-ruler
41 error Darwin 15.5.0
42 error argv "/usr/local/bin/node" "/usr/local/bin/npm" "unpublish" "jquery-ui.ruler" "--force@1.0.0" "--force"
43 error node v4.4.5
44 error npm  v2.15.5
45 error code E400
46 error Registry returned 400 for DELETE on https://registry.npmjs.org/jquery-ui.ruler/-rev/1-d9458112b65ccc23847958a5f765f6ae
47 error If you need help, you may report this error at:
47 error     <https://github.com/npm/npm/issues>
48 verbose exit [ 1, true ]
